<?xml version="1.0" encoding="UTF-8"?>
<testsuite name="com.baberarjumand.magic.puzzles.cubes.adjacency.AdjacencyMatrixTest" tests="2" skipped="0" failures="0" errors="0" timestamp="2019-08-08T12:02:36" hostname="DESKTOP-BabzAW" time="0.001">
  <properties/>
  <testcase name="testUnits" classname="com.baberarjumand.magic.puzzles.cubes.adjacency.AdjacencyMatrixTest" time="0.0"/>
  <testcase name="testAdjacencyMatrix" classname="com.baberarjumand.magic.puzzles.cubes.adjacency.AdjacencyMatrixTest" time="0.0"/>
  <system-out><![CDATA[]]></system-out>
  <system-err><![CDATA[]]></system-err>
</testsuite>
