<?xml version="1.0" encoding="UTF-8"?>
<testsuite name="com.baberarjumand.magic.puzzles.cubes.MagicCubeCharacteristicsTest" tests="2" skipped="0" failures="0" errors="0" timestamp="2019-08-08T12:02:36" hostname="DESKTOP-BabzAW" time="0.003">
  <properties/>
  <testcase name="testCenterCellValue" classname="com.baberarjumand.magic.puzzles.cubes.MagicCubeCharacteristicsTest" time="0.002"/>
  <testcase name="testMagicCubeCharacteristics" classname="com.baberarjumand.magic.puzzles.cubes.MagicCubeCharacteristicsTest" time="0.001"/>
  <system-out><![CDATA[]]></system-out>
  <system-err><![CDATA[]]></system-err>
</testsuite>
