<?xml version="1.0" encoding="UTF-8"?>
<testsuite name="com.baberarjumand.magic.tuple.TupleTest" tests="3" skipped="0" failures="0" errors="0" timestamp="2019-08-08T12:02:36" hostname="DESKTOP-BabzAW" time="0.003">
  <properties/>
  <testcase name="testBadTupleSize" classname="com.baberarjumand.magic.tuple.TupleTest" time="0.002"/>
  <testcase name="testOrdinaryTuple" classname="com.baberarjumand.magic.tuple.TupleTest" time="0.0"/>
  <testcase name="testAllZeroTuple" classname="com.baberarjumand.magic.tuple.TupleTest" time="0.001"/>
  <system-out><![CDATA[]]></system-out>
  <system-err><![CDATA[]]></system-err>
</testsuite>
